2025-11-20 19:18:31,499 - INFO - 输出文件名: SAP_Routing_20251120.parquet
2025-11-20 19:18:31,504 - INFO - ================================================================================
2025-11-20 19:18:31,505 - INFO - 开始转换和合并标准时间表
2025-11-20 19:18:31,515 - INFO - ================================================================================
2025-11-20 19:18:31,516 - INFO - 读取Routing CSV文件: C:\Users\huangk14\OneDrive - Medtronic PLC\Huangkai Files\B1_Project\250418_MDDAP_project\10-SA指标\11数据模板\1303 Routing及机加工产品清单_1303 Routing.csv
2025-11-20 19:18:31,730 - INFO - Routing表读取成功，共 38293 行数据
2025-11-20 19:18:32,153 - INFO - Routing表处理完成，共 38293 行数据
2025-11-20 19:18:32,154 - INFO - 读取机加工清单CSV文件: C:\Users\huangk14\OneDrive - Medtronic PLC\Huangkai Files\B1_Project\250418_MDDAP_project\10-SA指标\11数据模板\1303 Routing及机加工产品清单_1303机加工清单.csv
2025-11-20 19:18:32,176 - INFO - 机加工清单表读取成功，共 3699 行数据
2025-11-20 19:18:32,370 - INFO - 合并完成，合并后共 38293 行数据
2025-11-20 19:18:32,373 - INFO - 匹配到OEE: 3647 行
2025-11-20 19:18:32,374 - INFO - 匹配到调试时间: 2521 行
2025-11-20 19:18:32,911 - INFO - 已保存Parquet文件: C:\Users\huangk14\OneDrive - Medtronic PLC\CZ Production - 文档\General\POWER BI 数据源 V2\30-MES导出数据\publish\SAP_Routing_20251120.parquet, 行数: 38293
2025-11-20 19:18:32,911 - INFO - 已保存合并后的标准时间表Parquet文件: C:\Users\huangk14\OneDrive - Medtronic PLC\CZ Production - 文档\General\POWER BI 数据源 V2\30-MES导出数据\publish\SAP_Routing_20251120.parquet, 行数: 38293
2025-11-20 19:18:32,919 - INFO - ================================================================================
2025-11-20 19:18:32,920 - INFO - 转换和合并完成！
2025-11-20 19:18:32,921 - INFO - ================================================================================
2025-11-20 19:19:17,117 - INFO - 输出文件名: SAP_Routing_20251120.parquet
2025-11-20 19:19:17,117 - INFO - ================================================================================
2025-11-20 19:19:17,117 - INFO - 开始转换和合并标准时间表
2025-11-20 19:19:17,118 - INFO - ================================================================================
2025-11-20 19:19:17,118 - INFO - 读取Routing CSV文件: C:\Users\huangk14\OneDrive - Medtronic PLC\Huangkai Files\B1_Project\250418_MDDAP_project\10-SA指标\11数据模板\1303 Routing及机加工产品清单_1303 Routing.csv
2025-11-20 19:19:17,182 - INFO - Routing表读取成功，共 38293 行数据
2025-11-20 19:19:17,437 - INFO - Routing表处理完成，共 38293 行数据
2025-11-20 19:19:17,438 - INFO - 读取机加工清单CSV文件: C:\Users\huangk14\OneDrive - Medtronic PLC\Huangkai Files\B1_Project\250418_MDDAP_project\10-SA指标\11数据模板\1303 Routing及机加工产品清单_1303机加工清单.csv
2025-11-20 19:19:17,447 - INFO - 机加工清单表读取成功，共 3699 行数据
2025-11-20 19:19:17,540 - INFO - 合并完成，合并后共 38293 行数据
2025-11-20 19:19:17,541 - INFO - 匹配到OEE: 3647 行
2025-11-20 19:19:17,543 - INFO - 匹配到调试时间: 2521 行
2025-11-20 19:19:17,828 - INFO - 已保存Parquet文件: C:\Users\huangk14\OneDrive - Medtronic PLC\CZ Production - 文档\General\POWER BI 数据源 V2\30-MES导出数据\publish\SAP_Routing_20251120.parquet, 行数: 38293
2025-11-20 19:19:17,829 - INFO - 已保存合并后的标准时间表Parquet文件: C:\Users\huangk14\OneDrive - Medtronic PLC\CZ Production - 文档\General\POWER BI 数据源 V2\30-MES导出数据\publish\SAP_Routing_20251120.parquet, 行数: 38293
2025-11-20 19:19:17,835 - INFO - ================================================================================
2025-11-20 19:19:17,835 - INFO - 转换和合并完成！
2025-11-20 19:19:17,837 - INFO - ================================================================================
2025-11-20 19:31:15,936 - INFO - 输出文件名: SAP_Routing_latest.parquet
2025-11-20 19:31:15,937 - INFO - ================================================================================
2025-11-20 19:31:15,938 - INFO - 开始转换和合并标准时间表
2025-11-20 19:31:15,938 - INFO - ================================================================================
2025-11-20 19:31:15,938 - INFO - 读取Routing CSV文件: C:\Users\huangk14\OneDrive - Medtronic PLC\Huangkai Files\B1_Project\250418_MDDAP_project\10-SA指标\11数据模板\1303 Routing及机加工产品清单_1303 Routing.csv
2025-11-20 19:31:15,999 - INFO - Routing表读取成功，共 38293 行数据
2025-11-20 19:31:16,284 - INFO - Routing表处理完成，共 38293 行数据
2025-11-20 19:31:16,285 - INFO - 读取机加工清单CSV文件: C:\Users\huangk14\OneDrive - Medtronic PLC\Huangkai Files\B1_Project\250418_MDDAP_project\10-SA指标\11数据模板\1303 Routing及机加工产品清单_1303机加工清单.csv
2025-11-20 19:31:16,293 - INFO - 机加工清单表读取成功，共 3699 行数据
2025-11-20 19:31:16,365 - INFO - 合并完成，合并后共 38293 行数据
2025-11-20 19:31:16,366 - INFO - 匹配到OEE: 3647 行
2025-11-20 19:31:16,367 - INFO - 匹配到调试时间: 2521 行
2025-11-20 19:31:16,550 - INFO - 已保存Parquet文件: C:\Users\huangk14\OneDrive - Medtronic PLC\CZ Production - 文档\General\POWER BI 数据源 V2\30-MES导出数据\publish\SAP_Routing_latest.parquet, 行数: 38293
2025-11-20 19:31:16,551 - INFO - 已保存合并后的标准时间表Parquet文件: C:\Users\huangk14\OneDrive - Medtronic PLC\CZ Production - 文档\General\POWER BI 数据源 V2\30-MES导出数据\publish\SAP_Routing_latest.parquet, 行数: 38293
2025-11-20 19:31:16,557 - INFO - ================================================================================
2025-11-20 19:31:16,558 - INFO - 转换和合并完成！
2025-11-20 19:31:16,558 - INFO - ================================================================================
2025-11-20 19:33:04,804 - INFO - 输出文件名: SAP_Routing_latest.parquet
2025-11-20 19:33:04,804 - INFO - ================================================================================
2025-11-20 19:33:04,805 - INFO - 开始转换和合并标准时间表
2025-11-20 19:33:04,806 - INFO - ================================================================================
2025-11-20 19:33:04,807 - INFO - 读取Routing CSV文件: C:\Users\huangk14\OneDrive - Medtronic PLC\Huangkai Files\B1_Project\250418_MDDAP_project\10-SA指标\11数据模板\1303 Routing及机加工产品清单_1303 Routing.csv
2025-11-20 19:33:04,902 - INFO - Routing表读取成功，共 38293 行数据
2025-11-20 19:33:05,124 - INFO - Routing表处理完成，共 38293 行数据
2025-11-20 19:33:05,125 - INFO - 读取机加工清单CSV文件: C:\Users\huangk14\OneDrive - Medtronic PLC\Huangkai Files\B1_Project\250418_MDDAP_project\10-SA指标\11数据模板\1303 Routing及机加工产品清单_1303机加工清单.csv
2025-11-20 19:33:05,135 - INFO - 机加工清单表读取成功，共 3699 行数据
2025-11-20 19:33:05,234 - INFO - 合并完成，合并后共 38293 行数据
2025-11-20 19:33:05,234 - INFO - 匹配到OEE: 3647 行
2025-11-20 19:33:05,236 - INFO - 匹配到调试时间: 2521 行
2025-11-20 19:33:05,483 - INFO - 已保存Parquet文件: C:\Users\huangk14\OneDrive - Medtronic PLC\CZ Production - 文档\General\POWER BI 数据源 V2\30-MES导出数据\publish\SAP_Routing_latest.parquet, 行数: 38293
2025-11-20 19:33:05,484 - INFO - 已保存合并后的标准时间表Parquet文件: C:\Users\huangk14\OneDrive - Medtronic PLC\CZ Production - 文档\General\POWER BI 数据源 V2\30-MES导出数据\publish\SAP_Routing_latest.parquet, 行数: 38293
2025-11-20 19:33:05,489 - INFO - ================================================================================
2025-11-20 19:33:05,491 - INFO - 转换和合并完成！
2025-11-20 19:33:05,492 - INFO - ================================================================================
2025-11-20 19:36:49,396 - INFO - 输出文件名: SAP_Routing_latest.parquet
2025-11-20 19:36:49,407 - INFO - ================================================================================
2025-11-20 19:36:49,408 - INFO - 开始转换和合并标准时间表
2025-11-20 19:36:49,408 - INFO - ================================================================================
2025-11-20 19:36:49,409 - INFO - 读取Routing CSV文件: C:\Users\huangk14\OneDrive - Medtronic PLC\Huangkai Files\B1_Project\250418_MDDAP_project\10-SA指标\11数据模板\1303 Routing及机加工产品清单_1303 Routing.csv
2025-11-20 19:36:49,538 - INFO - Routing表读取成功，共 38293 行数据
2025-11-20 19:36:49,910 - INFO - Routing表处理完成，共 38293 行数据
2025-11-20 19:36:49,910 - INFO - 读取机加工清单CSV文件: C:\Users\huangk14\OneDrive - Medtronic PLC\Huangkai Files\B1_Project\250418_MDDAP_project\10-SA指标\11数据模板\1303 Routing及机加工产品清单_1303机加工清单.csv
2025-11-20 19:36:49,930 - INFO - 机加工清单表读取成功，共 3699 行数据
2025-11-20 19:36:50,106 - INFO - 合并完成，合并后共 38293 行数据
2025-11-20 19:36:50,108 - INFO - 匹配到OEE: 3647 行
2025-11-20 19:36:50,110 - INFO - 匹配到调试时间: 2521 行
2025-11-20 19:36:50,513 - INFO - 已保存Parquet文件: C:\Users\huangk14\OneDrive - Medtronic PLC\CZ Production - 文档\General\POWER BI 数据源 V2\30-MES导出数据\publish\SAP_Routing_latest.parquet, 行数: 38293
2025-11-20 19:36:50,514 - INFO - 已保存合并后的标准时间表Parquet文件: C:\Users\huangk14\OneDrive - Medtronic PLC\CZ Production - 文档\General\POWER BI 数据源 V2\30-MES导出数据\publish\SAP_Routing_latest.parquet, 行数: 38293
2025-11-20 19:36:50,519 - INFO - ================================================================================
2025-11-20 19:36:50,520 - INFO - 转换和合并完成！
2025-11-20 19:36:50,520 - INFO - ================================================================================
2025-11-20 19:40:41,070 - INFO - 输出文件名: SAP_Routing_latest.parquet
2025-11-20 19:40:41,072 - INFO - ================================================================================
2025-11-20 19:40:41,073 - INFO - 开始转换和合并标准时间表
2025-11-20 19:40:41,074 - INFO - ================================================================================
2025-11-20 19:40:41,074 - INFO - 读取Routing CSV文件: C:\Users\huangk14\OneDrive - Medtronic PLC\Huangkai Files\B1_Project\250418_MDDAP_project\10-SA指标\11数据模板\1303 Routing及机加工产品清单_1303 Routing.csv
2025-11-20 19:40:41,180 - INFO - Routing表读取成功，共 38293 行数据
2025-11-20 19:40:41,484 - INFO - Routing表处理完成，共 38293 行数据
2025-11-20 19:40:41,485 - INFO - 读取机加工清单CSV文件: C:\Users\huangk14\OneDrive - Medtronic PLC\Huangkai Files\B1_Project\250418_MDDAP_project\10-SA指标\11数据模板\1303 Routing及机加工产品清单_1303机加工清单.csv
2025-11-20 19:40:41,498 - INFO - 机加工清单表读取成功，共 3699 行数据
2025-11-20 19:40:41,596 - INFO - 合并完成，合并后共 38293 行数据
2025-11-20 19:40:41,599 - INFO - 匹配到OEE: 3647 行
2025-11-20 19:40:41,600 - INFO - 匹配到调试时间: 2521 行
2025-11-20 19:40:41,842 - INFO - 已保存Parquet文件: C:\Users\huangk14\OneDrive - Medtronic PLC\CZ Production - 文档\General\POWER BI 数据源 V2\30-MES导出数据\publish\SAP_Routing_latest.parquet, 行数: 38293
2025-11-20 19:40:41,843 - INFO - 已保存合并后的标准时间表Parquet文件: C:\Users\huangk14\OneDrive - Medtronic PLC\CZ Production - 文档\General\POWER BI 数据源 V2\30-MES导出数据\publish\SAP_Routing_latest.parquet, 行数: 38293
2025-11-20 19:40:41,849 - INFO - ================================================================================
2025-11-20 19:40:41,850 - INFO - 转换和合并完成！
2025-11-20 19:40:41,850 - INFO - ================================================================================
2025-11-20 19:44:38,231 - INFO - 输出文件名: SAP_Routing_latest.parquet
2025-11-20 19:44:38,232 - INFO - ================================================================================
2025-11-20 19:44:38,232 - INFO - 开始转换和合并标准时间表
2025-11-20 19:44:38,232 - INFO - ================================================================================
2025-11-20 19:44:38,233 - INFO - 读取Routing CSV文件: C:\Users\huangk14\OneDrive - Medtronic PLC\Huangkai Files\B1_Project\250418_MDDAP_project\10-SA指标\11数据模板\1303 Routing及机加工产品清单_1303 Routing.csv
2025-11-20 19:44:38,290 - INFO - Routing表读取成功，共 38293 行数据
2025-11-20 19:44:38,463 - INFO - Routing表处理完成，共 38293 行数据
2025-11-20 19:44:38,464 - INFO - 读取机加工清单CSV文件: C:\Users\huangk14\OneDrive - Medtronic PLC\Huangkai Files\B1_Project\250418_MDDAP_project\10-SA指标\11数据模板\1303 Routing及机加工产品清单_1303机加工清单.csv
2025-11-20 19:44:38,471 - INFO - 机加工清单表读取成功，共 3699 行数据
2025-11-20 19:44:38,536 - INFO - 合并完成，合并后共 38293 行数据
2025-11-20 19:44:38,540 - INFO - 匹配到OEE: 3647 行
2025-11-20 19:44:38,541 - INFO - 匹配到调试时间: 2521 行
2025-11-20 19:44:38,709 - INFO - 已保存Parquet文件: C:\Users\huangk14\OneDrive - Medtronic PLC\CZ Production - 文档\General\POWER BI 数据源 V2\30-MES导出数据\publish\SAP_Routing_latest.parquet, 行数: 38293
2025-11-20 19:44:38,709 - INFO - 已保存合并后的标准时间表Parquet文件: C:\Users\huangk14\OneDrive - Medtronic PLC\CZ Production - 文档\General\POWER BI 数据源 V2\30-MES导出数据\publish\SAP_Routing_latest.parquet, 行数: 38293
2025-11-20 19:44:38,713 - INFO - ================================================================================
2025-11-20 19:44:38,715 - INFO - 转换和合并完成！
2025-11-20 19:44:38,716 - INFO - ================================================================================
2025-11-20 21:07:45,595 - INFO - 输出文件名: SAP_Routing_latest.parquet
2025-11-20 21:07:45,597 - INFO - ================================================================================
2025-11-20 21:07:45,599 - INFO - 开始转换和合并标准时间表
2025-11-20 21:07:45,599 - INFO - ================================================================================
2025-11-20 21:07:45,600 - INFO - 读取Routing CSV文件: C:\Users\huangk14\OneDrive - Medtronic PLC\Huangkai Files\B1_Project\250418_MDDAP_project\10-SA指标\11数据模板\1303 Routing及机加工产品清单_1303 Routing.csv
2025-11-20 21:07:45,772 - INFO - Routing表读取成功，共 38293 行数据
2025-11-20 21:07:46,276 - INFO - Routing表处理完成，共 38293 行数据
2025-11-20 21:07:46,278 - INFO - 读取机加工清单CSV文件: C:\Users\huangk14\OneDrive - Medtronic PLC\Huangkai Files\B1_Project\250418_MDDAP_project\10-SA指标\11数据模板\1303 Routing及机加工产品清单_1303机加工清单.csv
2025-11-20 21:07:46,329 - INFO - 机加工清单表读取成功，共 3699 行数据
2025-11-20 21:07:46,815 - INFO - 合并完成，合并后共 38293 行数据
2025-11-20 21:07:46,829 - INFO - 匹配到OEE: 3647 行
2025-11-20 21:07:46,833 - INFO - 匹配到调试时间: 2521 行
2025-11-20 21:07:47,467 - INFO - 已保存Parquet文件: C:\Users\huangk14\OneDrive - Medtronic PLC\CZ Production - 文档\General\POWER BI 数据源 V2\30-MES导出数据\publish\SAP_Routing_latest.parquet, 行数: 38293
2025-11-20 21:07:47,480 - INFO - 数据量较大(38293行)，Excel文件只保存前10000行
2025-11-20 21:07:52,750 - INFO - 已保存Excel验证文件: C:\Users\huangk14\OneDrive - Medtronic PLC\CZ Production - 文档\General\POWER BI 数据源 V2\30-MES导出数据\publish\excel\SAP_Routing_latest.xlsx, 行数: 10000
2025-11-20 21:07:52,754 - INFO - 已保存合并后的标准时间表Parquet文件: C:\Users\huangk14\OneDrive - Medtronic PLC\CZ Production - 文档\General\POWER BI 数据源 V2\30-MES导出数据\publish\SAP_Routing_latest.parquet, 行数: 38293
2025-11-20 21:07:52,760 - INFO - ================================================================================
2025-11-20 21:07:52,761 - INFO - 转换和合并完成！
2025-11-20 21:07:52,764 - INFO - ================================================================================
2025-11-20 21:29:42,456 - INFO - 输出文件名: SAP_Routing_latest.parquet
2025-11-20 21:29:42,458 - INFO - ================================================================================
2025-11-20 21:29:42,459 - INFO - 开始转换和合并标准时间表
2025-11-20 21:29:42,459 - INFO - ================================================================================
2025-11-20 21:29:42,460 - INFO - 读取Routing CSV文件: C:\Users\huangk14\OneDrive - Medtronic PLC\Huangkai Files\B1_Project\250418_MDDAP_project\10-SA指标\11数据模板\1303 Routing及机加工产品清单_1303 Routing.csv
2025-11-20 21:29:42,555 - INFO - Routing表读取成功，共 38293 行数据
2025-11-20 21:29:42,739 - INFO - Routing表处理完成，共 38293 行数据
2025-11-20 21:29:42,740 - INFO - 读取机加工清单CSV文件: C:\Users\huangk14\OneDrive - Medtronic PLC\Huangkai Files\B1_Project\250418_MDDAP_project\10-SA指标\11数据模板\1303 Routing及机加工产品清单_1303机加工清单.csv
2025-11-20 21:29:42,751 - INFO - 机加工清单表读取成功，共 3699 行数据
2025-11-20 21:29:42,837 - INFO - 合并完成，合并后共 38293 行数据
2025-11-20 21:29:42,838 - INFO - 匹配到OEE: 3647 行
2025-11-20 21:29:42,838 - INFO - 匹配到调试时间: 2521 行
2025-11-20 21:29:43,127 - INFO - 已保存Parquet文件: C:\Users\huangk14\OneDrive - Medtronic PLC\CZ Production - 文档\General\POWER BI 数据源 V2\30-MES导出数据\publish\SAP_Routing_latest.parquet, 行数: 38293
2025-11-20 21:29:43,150 - INFO - 数据量较大(38293行)，Excel文件只保存前10000行
2025-11-20 21:29:45,991 - INFO - 已保存Excel验证文件: C:\Users\huangk14\OneDrive - Medtronic PLC\CZ Production - 文档\General\POWER BI 数据源 V2\30-MES导出数据\publish\excel\SAP_Routing_latest.xlsx, 行数: 10000
2025-11-20 21:29:45,993 - INFO - 已保存合并后的标准时间表Parquet文件: C:\Users\huangk14\OneDrive - Medtronic PLC\CZ Production - 文档\General\POWER BI 数据源 V2\30-MES导出数据\publish\SAP_Routing_latest.parquet, 行数: 38293
2025-11-20 21:29:45,996 - INFO - ================================================================================
2025-11-20 21:29:45,997 - INFO - 转换和合并完成！
2025-11-20 21:29:45,998 - INFO - ================================================================================
2025-11-20 21:59:11,582 - INFO - 输出文件名: SAP_Routing_latest.parquet
2025-11-20 21:59:11,584 - INFO - ================================================================================
2025-11-20 21:59:11,584 - INFO - 开始转换和合并标准时间表
2025-11-20 21:59:11,585 - INFO - ================================================================================
2025-11-20 21:59:11,586 - INFO - 读取Routing CSV文件: C:\Users\huangk14\OneDrive - Medtronic PLC\Huangkai Files\B1_Project\250418_MDDAP_project\10-SA指标\11数据模板\1303 Routing及机加工产品清单_1303 Routing.csv
2025-11-20 21:59:11,655 - INFO - Routing表读取成功，共 38293 行数据
2025-11-20 21:59:11,811 - INFO - Routing表处理完成，共 38293 行数据
2025-11-20 21:59:11,812 - INFO - 读取机加工清单CSV文件: C:\Users\huangk14\OneDrive - Medtronic PLC\Huangkai Files\B1_Project\250418_MDDAP_project\10-SA指标\11数据模板\1303 Routing及机加工产品清单_1303机加工清单.csv
2025-11-20 21:59:11,820 - INFO - 机加工清单表读取成功，共 3699 行数据
2025-11-20 21:59:11,897 - INFO - 合并完成，合并后共 38293 行数据
2025-11-20 21:59:11,899 - INFO - 匹配到OEE: 3647 行
2025-11-20 21:59:11,901 - INFO - 匹配到调试时间: 2521 行
2025-11-20 21:59:12,466 - INFO - 已保存Parquet文件: C:\Users\huangk14\OneDrive - Medtronic PLC\CZ Production - 文档\General\POWER BI 数据源 V2\30-MES导出数据\publish\SAP_Routing_latest.parquet, 行数: 38293
2025-11-20 21:59:12,476 - INFO - 数据量较大(38293行)，Excel文件只保存前10000行
2025-11-20 21:59:16,277 - INFO - 已保存Excel验证文件: C:\Users\huangk14\OneDrive - Medtronic PLC\CZ Production - 文档\General\POWER BI 数据源 V2\30-MES导出数据\publish\excel\SAP_Routing_latest.xlsx, 行数: 10000
2025-11-20 21:59:16,278 - INFO - 已保存合并后的标准时间表Parquet文件: C:\Users\huangk14\OneDrive - Medtronic PLC\CZ Production - 文档\General\POWER BI 数据源 V2\30-MES导出数据\publish\SAP_Routing_latest.parquet, 行数: 38293
2025-11-20 21:59:16,284 - INFO - ================================================================================
2025-11-20 21:59:16,285 - INFO - 转换和合并完成！
2025-11-20 21:59:16,286 - INFO - ================================================================================
